<?xml version="1.0" encoding="UTF-8"?>
<!-- Generated by org.testng.reporters.JUnitReportReporter -->
<testsuite hostname="Om-Satapthy01" failures="0" tests="5" name="com.usertest.US" time="6.376" errors="0" timestamp="2024-02-12T14:02:06 IST" skipped="0">
  <testcase classname="com.usertest.US" name="forceUpdate_us" time="0.932"/>
  <system-out/>
  <testcase classname="com.usertest.US" name="login_existinguser_us" time="0.859"/>
  <system-out/>
  <testcase classname="com.usertest.US" name="login_existinguser2_us" time="1.839"/>
  <system-out/>
  <testcase classname="com.usertest.US" name="newSearch" time="1.297"/>
  <system-out/>
  <testcase classname="com.usertest.US" name="newSerach2" time="1.449"/>
  <system-out/>
</testsuite> <!-- com.usertest.US -->
