<?xml version="1.0" encoding="UTF-8"?>
<!-- Generated by org.testng.reporters.JUnitReportReporter -->
<testsuite hostname="Om-Satapthy01" failures="0" tests="3" name="com.usertest.US" time="5.309" errors="0" timestamp="2023-11-30T15:16:53 IST" skipped="0">
  <testcase classname="com.usertest.US" name="login_existinguser_us" time="1.317"/>
  <system-out/>
  <testcase classname="com.usertest.US" name="newSearch" time="2.558"/>
  <system-out/>
  <testcase classname="com.usertest.US" name="forceUpdate_us" time="1.434"/>
  <system-out/>
</testsuite> <!-- com.usertest.US -->
