<?xml version="1.0" encoding="UTF-8"?>
<!-- Generated by org.testng.reporters.JUnitReportReporter -->
<testsuite hostname="Om-Satapthy01.local" failures="0" tests="1" name="com.user.test.EmployeeTst" time="5.032" errors="0" timestamp="2025-01-06T18:38:41 IST" skipped="0">
  <testcase classname="com.user.test.EmployeeTst" name="generatePojo" time="5.032"/>
  <system-out/>
</testsuite> <!-- com.user.test.EmployeeTst -->
