<?xml version="1.0" encoding="UTF-8"?>
<!-- Generated by org.testng.reporters.JUnitReportReporter -->
<testsuite hostname="Om-Satapthy01" failures="0" tests="5" name="com.usertest.StagingUS" time="9.626" errors="0" timestamp="2024-02-19T11:14:32 IST" skipped="0">
  <testcase classname="com.usertest.StagingUS" name="forceUpdate_us" time="1.649"/>
  <system-out/>
  <testcase classname="com.usertest.StagingUS" name="login_existinguser_us" time="2.686"/>
  <system-out/>
  <testcase classname="com.usertest.StagingUS" name="login_existinguser2_us" time="2.674"/>
  <system-out/>
  <testcase classname="com.usertest.StagingUS" name="newSearch" time="1.147"/>
  <system-out/>
  <testcase classname="com.usertest.StagingUS" name="newSerach2" time="1.470"/>
  <system-out/>
</testsuite> <!-- com.usertest.StagingUS -->
