<?xml version="1.0" encoding="UTF-8"?>
<!-- Generated by org.testng.reporters.JUnitReportReporter -->
<testsuite hostname="Om-Satapthy01" failures="0" tests="5" name="com.usertest.ProdUK" time="13.474" errors="0" timestamp="2024-02-16T16:24:32 IST" skipped="0">
  <testcase classname="com.usertest.ProdUK" name="newSearch" time="4.360"/>
  <system-out/>
  <testcase classname="com.usertest.ProdUK" name="oldSearch" time="4.264"/>
  <system-out/>
  <testcase classname="com.usertest.ProdUK" name="forceUpdate_produk" time="1.665"/>
  <system-out/>
  <testcase classname="com.usertest.ProdUK" name="login_existinguser_staginguk" time="1.465"/>
  <system-out/>
  <testcase classname="com.usertest.ProdUK" name="login_existinguser2_uk" time="1.720"/>
  <system-out/>
</testsuite> <!-- com.usertest.ProdUK -->
