<?xml version="1.0" encoding="UTF-8"?>
<!-- Generated by org.testng.reporters.JUnitReportReporter -->
<testsuite hostname="Om-Satapthy01" failures="0" tests="1" name="com.sonicjobs.base.FileReader" time="0.006" errors="0" timestamp="2024-02-19T12:12:15 IST" skipped="0">
  <testcase classname="com.sonicjobs.base.FileReader" name="readFile" time="0.006"/>
  <system-out/>
</testsuite> <!-- com.sonicjobs.base.FileReader -->
