<?xml version="1.0" encoding="UTF-8"?>
<!-- Generated by org.testng.reporters.JUnitReportReporter -->
<testsuite hostname="Om-Satapthy01" failures="0" tests="1" name="com.usertest.Mattcher" time="1.466" errors="0" timestamp="2023-11-30T12:46:13 IST" skipped="0">
  <testcase classname="com.usertest.Mattcher" name="forceUpdate" time="1.466"/>
  <system-out/>
</testsuite> <!-- com.usertest.Mattcher -->
