<?xml version="1.0" encoding="UTF-8"?>
<!-- Generated by org.testng.reporters.JUnitReportReporter -->
<testsuite hostname="Om-Satapthy01" failures="0" tests="2" name="com.usertest.forceUpdate" time="2.507" errors="0" timestamp="2023-11-27T17:02:31 IST" skipped="0">
  <testcase classname="com.usertest.forceUpdate" name="forceUpdate" time="1.441"/>
  <system-out/>
  <testcase classname="com.usertest.forceUpdate" name="login_existinguser" time="1.066"/>
  <system-out/>
</testsuite> <!-- com.usertest.forceUpdate -->
