<?xml version="1.0" encoding="UTF-8"?>
<!-- Generated by org.testng.reporters.JUnitReportReporter -->
<testsuite hostname="Om-Satapthy01" failures="0" tests="5" name="com.sonicjobs.apitest.StagingUS" time="12.541" errors="0" timestamp="2024-02-19T14:06:11 IST" skipped="0">
  <testcase classname="com.sonicjobs.apitest.StagingUS" name="forceUpdate_us" time="1.472"/>
  <system-out/>
  <testcase classname="com.sonicjobs.apitest.StagingUS" name="login_existinguser_us" time="3.207"/>
  <system-out/>
  <testcase classname="com.sonicjobs.apitest.StagingUS" name="login_existinguser2_us" time="1.018"/>
  <system-out/>
  <testcase classname="com.sonicjobs.apitest.StagingUS" name="newSearch" time="0.951"/>
  <system-out/>
  <testcase classname="com.sonicjobs.apitest.StagingUS" name="newSerach2" time="5.893"/>
  <system-out/>
</testsuite> <!-- com.sonicjobs.apitest.StagingUS -->
