<?xml version="1.0" encoding="UTF-8"?>
<!-- Generated by org.testng.reporters.JUnitReportReporter -->
<testsuite hostname="Om-Satapthy01" failures="0" tests="3" name="com.usertest.UKUSer" time="4.180" errors="0" timestamp="2023-11-30T15:10:14 IST" skipped="0">
  <testcase classname="com.usertest.UKUSer" name="login_existinguser_uk" time="0.745"/>
  <system-out/>
  <testcase classname="com.usertest.UKUSer" name="forceUpdate" time="1.395"/>
  <system-out/>
  <testcase classname="com.usertest.UKUSer" name="newSearch" time="2.040"/>
  <system-out/>
</testsuite> <!-- com.usertest.UKUSer -->
