<?xml version="1.0" encoding="UTF-8"?>
<!-- Generated by org.testng.reporters.JUnitReportReporter -->
<testsuite hostname="Om-Satapthy01" failures="0" tests="5" name="com.usertest.UKUSer" time="6.255" errors="0" timestamp="2024-02-12T14:02:06 IST" skipped="0">
  <testcase classname="com.usertest.UKUSer" name="oldSearch" time="1.339"/>
  <system-out/>
  <testcase classname="com.usertest.UKUSer" name="newSearch" time="1.209"/>
  <system-out/>
  <testcase classname="com.usertest.UKUSer" name="forceUpdate" time="1.805"/>
  <system-out/>
  <testcase classname="com.usertest.UKUSer" name="login_existinguser_uk" time="0.968"/>
  <system-out/>
  <testcase classname="com.usertest.UKUSer" name="login_existinguser2_uk" time="0.934"/>
  <system-out/>
</testsuite> <!-- com.usertest.UKUSer -->
