<?xml version="1.0" encoding="UTF-8"?>
<!-- Generated by org.testng.reporters.JUnitReportReporter -->
<testsuite hostname="Om-Satapthy01.local" failures="0" tests="1" name="com.user.test.Createuser" time="6.209" errors="0" timestamp="2025-01-06T19:41:53 IST" skipped="0">
  <testcase classname="com.user.test.Createuser" name="registerUser" time="6.209"/>
  <system-out/>
</testsuite> <!-- com.user.test.Createuser -->
