<?xml version="1.0" encoding="UTF-8"?>
<!-- Generated by org.testng.reporters.JUnitReportReporter -->
<testsuite hostname="Om-Satapthy01" failures="0" tests="5" name="com.sonicjobs.apitest.StagingUS" time="5.454" errors="0" timestamp="2024-02-19T15:24:37 IST" skipped="0">
  <testcase classname="com.sonicjobs.apitest.StagingUS" name="forceUpdate_us" time="1.417"/>
  <system-out/>
  <testcase classname="com.sonicjobs.apitest.StagingUS" name="login_existinguser_us" time="0.863"/>
  <system-out/>
  <testcase classname="com.sonicjobs.apitest.StagingUS" name="login_existinguser2_us" time="0.880"/>
  <system-out/>
  <testcase classname="com.sonicjobs.apitest.StagingUS" name="newSearch" time="1.133"/>
  <system-out/>
  <testcase classname="com.sonicjobs.apitest.StagingUS" name="newSerach2" time="1.161"/>
  <system-out/>
</testsuite> <!-- com.sonicjobs.apitest.StagingUS -->
