<?xml version="1.0" encoding="UTF-8"?>
<!-- Generated by org.testng.reporters.JUnitReportReporter -->
<testsuite hostname="Om-Satapthy01" failures="0" tests="4" name="com.usertest.forceUpdate" time="3.726" errors="0" timestamp="2023-11-30T11:48:35 IST" skipped="0">
  <testcase classname="com.usertest.forceUpdate" name="login_existinguser_uk" time="0.972"/>
  <system-out/>
  <testcase classname="com.usertest.forceUpdate" name="forceUpdate" time="1.205"/>
  <system-out/>
  <testcase classname="com.usertest.forceUpdate" name="login_existinguser_us" time="0.810"/>
  <system-out/>
  <testcase classname="com.usertest.forceUpdate" name="forceUpdate_us" time="0.739"/>
  <system-out/>
</testsuite> <!-- com.usertest.forceUpdate -->
