<?xml version="1.0" encoding="UTF-8"?>
<!-- Generated by org.testng.reporters.JUnitReportReporter -->
<testsuite hostname="Om-Satapthy01" failures="0" tests="5" name="com.sonicjobs.test.api.ProdUS" time="10.459" errors="0" timestamp="2024-02-16T17:38:01 IST" skipped="0">
  <testcase classname="com.sonicjobs.test.api.ProdUS" name="newSearch" time="2.297"/>
  <system-out/>
  <testcase classname="com.sonicjobs.test.api.ProdUS" name="newSerach2" time="2.804"/>
  <system-out/>
  <testcase classname="com.sonicjobs.test.api.ProdUS" name="forceUpdate_produs" time="1.734"/>
  <system-out/>
  <testcase classname="com.sonicjobs.test.api.ProdUS" name="login_existinguser_us" time="1.811"/>
  <system-out/>
  <testcase classname="com.sonicjobs.test.api.ProdUS" name="login_existinguser2_us" time="1.813"/>
  <system-out/>
</testsuite> <!-- com.sonicjobs.test.api.ProdUS -->
