<?xml version="1.0" encoding="UTF-8"?>
<!-- Generated by org.testng.reporters.JUnitReportReporter -->
<testsuite hostname="Om-Satapthy01" failures="0" tests="2" name="com.sonicjobs.apitest.ProdUK_Search" time="3.924" errors="0" timestamp="2024-02-19T17:20:23 IST" skipped="0">
  <testcase classname="com.sonicjobs.apitest.ProdUK_Search" name="oldSearch" time="1.826"/>
  <testcase classname="com.sonicjobs.apitest.ProdUK_Search" name="newSearch" time="2.098"/>
</testsuite> <!-- com.sonicjobs.apitest.ProdUK_Search -->
