<?xml version="1.0" encoding="UTF-8"?>
<!-- Generated by org.testng.reporters.JUnitReportReporter -->
<testsuite hostname="Om-Satapthy01" failures="0" tests="5" name="com.sonicjobs.apitest.StagingUkLogin" time="17.236" errors="0" timestamp="2024-02-21T14:47:11 IST" skipped="0">
  <testcase classname="com.sonicjobs.apitest.StagingUkLogin" name="oldSearch" time="5.161"/>
  <testcase classname="com.sonicjobs.apitest.StagingUkLogin" name="newSearch" time="5.363"/>
  <testcase classname="com.sonicjobs.apitest.StagingUkLogin" name="forceUpdate_staginguk" time="0.941"/>
  <testcase classname="com.sonicjobs.apitest.StagingUkLogin" name="loginExistinguserStaginguk" time="3.741"/>
  <testcase classname="com.sonicjobs.apitest.StagingUkLogin" name="loginExistinguser2Uk" time="2.030"/>
</testsuite> <!-- com.sonicjobs.apitest.StagingUkLogin -->
