<?xml version="1.0" encoding="UTF-8"?>
<!-- Generated by org.testng.reporters.JUnitReportReporter -->
<testsuite hostname="Om-Satapthy01" failures="0" tests="5" name="com.sonicjobs.apitest.StagingUS_Login" time="5.031" errors="0" timestamp="2024-02-19T16:32:43 IST" skipped="0">
  <testcase classname="com.sonicjobs.apitest.StagingUS_Login" name="newSearch" time="1.304"/>
  <testcase classname="com.sonicjobs.apitest.StagingUS_Login" name="newSerach2" time="1.095"/>
  <testcase classname="com.sonicjobs.apitest.StagingUS_Login" name="forceUpdate_us" time="0.940"/>
  <testcase classname="com.sonicjobs.apitest.StagingUS_Login" name="login_existinguser_us" time="0.797"/>
  <testcase classname="com.sonicjobs.apitest.StagingUS_Login" name="login_existinguser2_us" time="0.895"/>
</testsuite> <!-- com.sonicjobs.apitest.StagingUS_Login -->
