<?xml version="1.0" encoding="UTF-8"?>
<!-- Generated by org.testng.reporters.JUnitReportReporter -->
<testsuite hostname="Om-Satapthy01" failures="0" tests="3" name="com.usertest.US" time="9.150" errors="0" timestamp="2023-12-04T15:43:57 IST" skipped="0">
  <testcase classname="com.usertest.US" name="login_existinguser_us" time="5.851"/>
  <testcase classname="com.usertest.US" name="newSearch" time="2.187"/>
  <testcase classname="com.usertest.US" name="forceUpdate_us" time="1.112"/>
</testsuite> <!-- com.usertest.US -->
