<?xml version="1.0" encoding="UTF-8"?>
<!-- Generated by org.testng.reporters.JUnitReportReporter -->
<testsuite hostname="Om-Satapthy01" failures="0" tests="5" name="com.sonicjobs.apitest.StagingUsLogin" time="7.101" errors="0" timestamp="2024-02-21T14:47:11 IST" skipped="0">
  <testcase classname="com.sonicjobs.apitest.StagingUsLogin" name="newSerach2" time="1.674"/>
  <testcase classname="com.sonicjobs.apitest.StagingUsLogin" name="newSearch" time="1.893"/>
  <testcase classname="com.sonicjobs.apitest.StagingUsLogin" name="forceUpdate_us" time="0.911"/>
  <testcase classname="com.sonicjobs.apitest.StagingUsLogin" name="loginExistinguserUs" time="1.563"/>
  <testcase classname="com.sonicjobs.apitest.StagingUsLogin" name="loginExistinguser2Us" time="1.060"/>
</testsuite> <!-- com.sonicjobs.apitest.StagingUsLogin -->
