<?xml version="1.0" encoding="UTF-8"?>
<!-- Generated by org.testng.reporters.JUnitReportReporter -->
<testsuite hostname="Om-Satapthy01" failures="0" tests="2" name="com.sonicjobs.apitest.ProdUkSearch" time="6.651" errors="0" timestamp="2024-02-21T14:49:14 IST" skipped="0">
  <testcase classname="com.sonicjobs.apitest.ProdUkSearch" name="newSearch" time="3.374"/>
  <testcase classname="com.sonicjobs.apitest.ProdUkSearch" name="oldSearch" time="3.277"/>
</testsuite> <!-- com.sonicjobs.apitest.ProdUkSearch -->
