<?xml version="1.0" encoding="UTF-8"?>
<!-- Generated by org.testng.reporters.JUnitReportReporter -->
<testsuite hostname="Om-Satapthy01" failures="0" tests="2" name="com.sonicjobs.apitest.ProdUkSearch" time="6.386" errors="0" timestamp="2024-02-21T15:28:54 IST" skipped="0">
  <testcase classname="com.sonicjobs.apitest.ProdUkSearch" name="oldSearch" time="3.243"/>
  <testcase classname="com.sonicjobs.apitest.ProdUkSearch" name="newSearch" time="3.143"/>
</testsuite> <!-- com.sonicjobs.apitest.ProdUkSearch -->
