<?xml version="1.0" encoding="UTF-8"?>
<!-- Generated by org.testng.reporters.JUnitReportReporter -->
<testsuite hostname="Om-Satapthy01" failures="0" tests="5" name="com.sonicjobs.apitest.StagingUK" time="6.187" errors="0" timestamp="2024-02-19T14:47:02 IST" skipped="0">
  <testcase classname="com.sonicjobs.apitest.StagingUK" name="newSearch" time="0.963"/>
  <testcase classname="com.sonicjobs.apitest.StagingUK" name="oldSearch" time="1.342"/>
  <testcase classname="com.sonicjobs.apitest.StagingUK" name="forceUpdate_staginguk" time="1.717"/>
  <testcase classname="com.sonicjobs.apitest.StagingUK" name="login_existinguser_staginguk" time="0.952"/>
  <testcase classname="com.sonicjobs.apitest.StagingUK" name="login_existinguser2_uk" time="1.213"/>
</testsuite> <!-- com.sonicjobs.apitest.StagingUK -->
