<?xml version="1.0" encoding="UTF-8"?>
<!-- Generated by org.testng.reporters.JUnitReportReporter -->
<testsuite hostname="Om-Satapthy01" failures="0" tests="5" name="com.sonicjobs.apitest.StagingUK" time="5.998" errors="0" timestamp="2024-02-19T15:24:10 IST" skipped="0">
  <testcase classname="com.sonicjobs.apitest.StagingUK" name="newSearch" time="1.112"/>
  <testcase classname="com.sonicjobs.apitest.StagingUK" name="oldSearch" time="0.882"/>
  <testcase classname="com.sonicjobs.apitest.StagingUK" name="forceUpdate_staginguk" time="0.829"/>
  <testcase classname="com.sonicjobs.apitest.StagingUK" name="login_existinguser_staginguk" time="0.863"/>
  <testcase classname="com.sonicjobs.apitest.StagingUK" name="login_existinguser2_uk" time="2.312"/>
</testsuite> <!-- com.sonicjobs.apitest.StagingUK -->
