<?xml version="1.0" encoding="UTF-8"?>
<!-- Generated by org.testng.reporters.JUnitReportReporter -->
<testsuite hostname="Om-Satapthy01" failures="0" tests="3" name="com.sonicjobs.apitest.ProdUkLogin" time="4.246" errors="0" timestamp="2024-02-23T14:59:43 IST" skipped="0">
  <testcase classname="com.sonicjobs.apitest.ProdUkLogin" name="forceUpdateProduk" time="1.383"/>
  <testcase classname="com.sonicjobs.apitest.ProdUkLogin" name="loginExistinguserUk" time="1.428"/>
  <testcase classname="com.sonicjobs.apitest.ProdUkLogin" name="loginExistinguser2Uk" time="1.435"/>
</testsuite> <!-- com.sonicjobs.apitest.ProdUkLogin -->
