<?xml version="1.0" encoding="UTF-8"?>
<!-- Generated by org.testng.reporters.JUnitReportReporter -->
<testsuite hostname="Om-Satapthy01" failures="0" tests="5" name="com.usertest.UKUSer" time="6.409" errors="0" timestamp="2024-02-12T13:17:13 IST" skipped="0">
  <testcase classname="com.usertest.UKUSer" name="oldSearch" time="1.416"/>
  <testcase classname="com.usertest.UKUSer" name="newSearch" time="1.631"/>
  <testcase classname="com.usertest.UKUSer" name="forceUpdate" time="1.499"/>
  <testcase classname="com.usertest.UKUSer" name="login_existinguser_uk" time="0.775"/>
  <testcase classname="com.usertest.UKUSer" name="login_existinguser2_uk" time="1.088"/>
</testsuite> <!-- com.usertest.UKUSer -->
