<?xml version="1.0" encoding="UTF-8"?>
<!-- Generated by org.testng.reporters.JUnitReportReporter -->
<testsuite hostname="Om-Satapthy01" failures="0" tests="3" name="com.sonicjobs.apitest.ProdUsLogin" time="4.868" errors="0" timestamp="2024-02-21T15:15:45 IST" skipped="0">
  <testcase classname="com.sonicjobs.apitest.ProdUsLogin" name="forceUpdateProdus" time="1.599"/>
  <testcase classname="com.sonicjobs.apitest.ProdUsLogin" name="loginExistinguserUs" time="1.663"/>
  <testcase classname="com.sonicjobs.apitest.ProdUsLogin" name="loginExistinguser2Us" time="1.606"/>
</testsuite> <!-- com.sonicjobs.apitest.ProdUsLogin -->
