<?xml version="1.0" encoding="UTF-8"?>
<!-- Generated by org.testng.reporters.JUnitReportReporter -->
<testsuite hostname="Om-Satapthy01" failures="0" tests="3" name="com.sonicjobs.apitest.ProdUsLogin" time="4.080" errors="0" timestamp="2024-03-04T17:54:16 IST" skipped="0">
  <testcase classname="com.sonicjobs.apitest.ProdUsLogin" name="forceUpdateProdus" time="1.488"/>
  <testcase classname="com.sonicjobs.apitest.ProdUsLogin" name="loginExistinguserUs" time="1.488"/>
  <testcase classname="com.sonicjobs.apitest.ProdUsLogin" name="loginExistinguser2Us" time="1.104"/>
</testsuite> <!-- com.sonicjobs.apitest.ProdUsLogin -->
