<?xml version="1.0" encoding="UTF-8"?>
<!-- Generated by org.testng.reporters.JUnitReportReporter -->
<testsuite hostname="Om-Satapthy01" failures="0" tests="3" name="com.sonicjobs.apitest.ProdUK_Login" time="4.580" errors="0" timestamp="2024-02-21T12:35:55 IST" skipped="0">
  <testcase classname="com.sonicjobs.apitest.ProdUK_Login" name="forceUpdateProduk" time="1.610"/>
  <testcase classname="com.sonicjobs.apitest.ProdUK_Login" name="loginExistinguserUk" time="1.591"/>
  <testcase classname="com.sonicjobs.apitest.ProdUK_Login" name="loginExistinguser2Uk" time="1.379"/>
</testsuite> <!-- com.sonicjobs.apitest.ProdUK_Login -->
