<?xml version="1.0" encoding="UTF-8"?>
<!-- Generated by org.testng.reporters.JUnitReportReporter -->
<testsuite hostname="Om-Satapthy01" failures="0" tests="5" name="com.sonicjobs.apitest.ProdUS_Login" time="9.972" errors="0" timestamp="2024-02-19T15:43:12 IST" skipped="0">
  <testcase classname="com.sonicjobs.apitest.ProdUS_Login" name="newSerach2" time="2.385"/>
  <testcase classname="com.sonicjobs.apitest.ProdUS_Login" name="newSearch" time="1.717"/>
  <testcase classname="com.sonicjobs.apitest.ProdUS_Login" name="forceUpdate_produs" time="2.757"/>
  <testcase classname="com.sonicjobs.apitest.ProdUS_Login" name="login_existinguser_us" time="1.523"/>
  <testcase classname="com.sonicjobs.apitest.ProdUS_Login" name="login_existinguser2_us" time="1.590"/>
</testsuite> <!-- com.sonicjobs.apitest.ProdUS_Login -->
