<?xml version="1.0" encoding="UTF-8"?>
<!-- Generated by org.testng.reporters.JUnitReportReporter -->
<testsuite hostname="Om-Satapthy01" failures="0" tests="5" name="com.sonicjobs.apitest.StagingUS" time="5.031" errors="0" timestamp="2024-02-19T14:47:02 IST" skipped="0">
  <testcase classname="com.sonicjobs.apitest.StagingUS" name="forceUpdate_us" time="0.875"/>
  <testcase classname="com.sonicjobs.apitest.StagingUS" name="login_existinguser_us" time="0.821"/>
  <testcase classname="com.sonicjobs.apitest.StagingUS" name="login_existinguser2_us" time="1.182"/>
  <testcase classname="com.sonicjobs.apitest.StagingUS" name="newSearch" time="1.010"/>
  <testcase classname="com.sonicjobs.apitest.StagingUS" name="newSerach2" time="1.143"/>
</testsuite> <!-- com.sonicjobs.apitest.StagingUS -->
