<?xml version="1.0" encoding="UTF-8"?>
<!-- Generated by org.testng.reporters.JUnitReportReporter -->
<testsuite hostname="Om-Satapthy01" failures="0" tests="3" name="com.sonicjobs.apitest.ProdUsLogin" time="4.486" errors="0" timestamp="2024-02-23T14:59:43 IST" skipped="0">
  <testcase classname="com.sonicjobs.apitest.ProdUsLogin" name="forceUpdateProdus" time="1.383"/>
  <testcase classname="com.sonicjobs.apitest.ProdUsLogin" name="loginExistinguserUs" time="1.579"/>
  <testcase classname="com.sonicjobs.apitest.ProdUsLogin" name="loginExistinguser2Us" time="1.524"/>
</testsuite> <!-- com.sonicjobs.apitest.ProdUsLogin -->
