<?xml version="1.0" encoding="UTF-8"?>
<!-- Generated by org.testng.reporters.JUnitReportReporter -->
<testsuite hostname="Om-Satapthy01" failures="0" tests="2" name="com.sonicjobs.apitest.ProdUsSearch" time="5.262" errors="0" timestamp="2024-02-21T15:28:54 IST" skipped="0">
  <testcase classname="com.sonicjobs.apitest.ProdUsSearch" name="newSearch" time="1.121"/>
  <testcase classname="com.sonicjobs.apitest.ProdUsSearch" name="newSerach2" time="4.141"/>
</testsuite> <!-- com.sonicjobs.apitest.ProdUsSearch -->
