<?xml version="1.0" encoding="UTF-8"?>
<!-- Generated by org.testng.reporters.JUnitReportReporter -->
<testsuite hostname="Om-Satapthy01" failures="0" tests="3" name="com.sonicjobs.apitest.ProdUS_Login" time="5.106" errors="0" timestamp="2024-02-21T12:35:55 IST" skipped="0">
  <testcase classname="com.sonicjobs.apitest.ProdUS_Login" name="forceUpdateProdus" time="1.610"/>
  <testcase classname="com.sonicjobs.apitest.ProdUS_Login" name="loginExistinguserUs" time="1.614"/>
  <testcase classname="com.sonicjobs.apitest.ProdUS_Login" name="loginExistinguser2Us" time="1.882"/>
</testsuite> <!-- com.sonicjobs.apitest.ProdUS_Login -->
