<?xml version="1.0" encoding="UTF-8"?>
<!-- Generated by org.testng.reporters.JUnitReportReporter -->
<testsuite hostname="Om-Satapthy01" failures="0" tests="2" name="com.sonicjobs.apitest.ProdUkSearch" time="4.969" errors="0" timestamp="2024-02-23T14:59:43 IST" skipped="0">
  <testcase classname="com.sonicjobs.apitest.ProdUkSearch" name="newSearch" time="2.559"/>
  <testcase classname="com.sonicjobs.apitest.ProdUkSearch" name="oldSearch" time="2.410"/>
</testsuite> <!-- com.sonicjobs.apitest.ProdUkSearch -->
