<?xml version="1.0" encoding="UTF-8"?>
<!-- Generated by org.testng.reporters.JUnitReportReporter -->
<testsuite hostname="Om-Satapthy01" failures="0" tests="5" name="com.usertest.StagingUK" time="5.057" errors="0" timestamp="2024-02-19T13:19:02 IST" skipped="0">
  <testcase classname="com.usertest.StagingUK" name="oldSearch" time="0.965"/>
  <testcase classname="com.usertest.StagingUK" name="newSearch" time="1.046"/>
  <testcase classname="com.usertest.StagingUK" name="forceUpdate_staginguk" time="1.371"/>
  <testcase classname="com.usertest.StagingUK" name="login_existinguser_staginguk" time="0.931"/>
  <testcase classname="com.usertest.StagingUK" name="login_existinguser2_uk" time="0.744"/>
</testsuite> <!-- com.usertest.StagingUK -->
