<?xml version="1.0" encoding="UTF-8"?>
<!-- Generated by org.testng.reporters.JUnitReportReporter -->
<testsuite hostname="Om-Satapthy01" failures="0" tests="5" name="com.usertest.US" time="10.521" errors="0" timestamp="2024-02-12T13:17:13 IST" skipped="0">
  <testcase classname="com.usertest.US" name="forceUpdate_us" time="0.957"/>
  <testcase classname="com.usertest.US" name="login_existinguser_us" time="3.374"/>
  <testcase classname="com.usertest.US" name="login_existinguser2_us" time="1.256"/>
  <testcase classname="com.usertest.US" name="newSearch" time="3.733"/>
  <testcase classname="com.usertest.US" name="newSerach2" time="1.201"/>
</testsuite> <!-- com.usertest.US -->
