<?xml version="1.0" encoding="UTF-8"?>
<!-- Generated by org.testng.reporters.JUnitReportReporter -->
<testsuite hostname="Om-Satapthy01" failures="0" tests="2" name="com.sonicjobs.apitest.ProdUS_Search" time="5.049" errors="0" timestamp="2024-02-20T12:59:48 IST" skipped="0">
  <testcase classname="com.sonicjobs.apitest.ProdUS_Search" name="newSerach2" time="2.979"/>
  <testcase classname="com.sonicjobs.apitest.ProdUS_Search" name="newSearch" time="2.070"/>
</testsuite> <!-- com.sonicjobs.apitest.ProdUS_Search -->
