<?xml version="1.0" encoding="UTF-8"?>
<!-- Generated by org.testng.reporters.JUnitReportReporter -->
<testsuite hostname="Om-Satapthy01" failures="0" tests="3" name="com.sonicjobs.apitest.ProdUkLogin" time="4.449" errors="0" timestamp="2024-02-21T14:49:14 IST" skipped="0">
  <testcase classname="com.sonicjobs.apitest.ProdUkLogin" name="forceUpdateProduk" time="1.577"/>
  <testcase classname="com.sonicjobs.apitest.ProdUkLogin" name="loginExistinguserUk" time="1.401"/>
  <testcase classname="com.sonicjobs.apitest.ProdUkLogin" name="loginExistinguser2Uk" time="1.471"/>
</testsuite> <!-- com.sonicjobs.apitest.ProdUkLogin -->
