<?xml version="1.0" encoding="UTF-8"?>
<!-- Generated by org.testng.reporters.JUnitReportReporter -->
<testsuite hostname="Om-Satapthy01" failures="0" tests="3" name="com.sonicjobs.apitest.ProdUkLogin" time="4.482" errors="0" timestamp="2024-02-21T15:15:45 IST" skipped="0">
  <testcase classname="com.sonicjobs.apitest.ProdUkLogin" name="forceUpdateProduk" time="1.599"/>
  <testcase classname="com.sonicjobs.apitest.ProdUkLogin" name="loginExistinguserUk" time="1.457"/>
  <testcase classname="com.sonicjobs.apitest.ProdUkLogin" name="loginExistinguser2Uk" time="1.426"/>
</testsuite> <!-- com.sonicjobs.apitest.ProdUkLogin -->
