<?xml version="1.0" encoding="UTF-8"?>
<!-- Generated by org.testng.reporters.JUnitReportReporter -->
<testsuite hostname="Om-Satapthy01" failures="0" tests="5" name="com.usertest.StagingUS" time="5.292" errors="0" timestamp="2024-02-19T13:19:02 IST" skipped="0">
  <testcase classname="com.usertest.StagingUS" name="forceUpdate_us" time="0.719"/>
  <testcase classname="com.usertest.StagingUS" name="login_existinguser_us" time="0.882"/>
  <testcase classname="com.usertest.StagingUS" name="login_existinguser2_us" time="0.948"/>
  <testcase classname="com.usertest.StagingUS" name="newSearch" time="1.657"/>
  <testcase classname="com.usertest.StagingUS" name="newSerach2" time="1.086"/>
</testsuite> <!-- com.usertest.StagingUS -->
