<?xml version="1.0" encoding="UTF-8"?>
<!-- Generated by org.testng.reporters.JUnitReportReporter -->
<testsuite hostname="Om-Satapthy01" failures="0" tests="3" name="com.sonicjobs.apitest.ProdUsLogin" time="4.815" errors="0" timestamp="2024-02-21T14:49:14 IST" skipped="0">
  <testcase classname="com.sonicjobs.apitest.ProdUsLogin" name="forceUpdateProdus" time="1.577"/>
  <testcase classname="com.sonicjobs.apitest.ProdUsLogin" name="loginExistinguserUs" time="1.614"/>
  <testcase classname="com.sonicjobs.apitest.ProdUsLogin" name="loginExistinguser2Us" time="1.624"/>
</testsuite> <!-- com.sonicjobs.apitest.ProdUsLogin -->
