<?xml version="1.0" encoding="UTF-8"?>
<!-- Generated by org.testng.reporters.JUnitReportReporter -->
<testsuite hostname="Om-Satapthy01" failures="0" tests="2" name="com.sonicjobs.apitest.ProdUK_search" time="3.956" errors="0" timestamp="2024-02-19T16:34:27 IST" skipped="0">
  <testcase classname="com.sonicjobs.apitest.ProdUK_search" name="oldSearch" time="2.067"/>
  <testcase classname="com.sonicjobs.apitest.ProdUK_search" name="newSearch" time="1.889"/>
</testsuite> <!-- com.sonicjobs.apitest.ProdUK_search -->
