<?xml version="1.0" encoding="UTF-8"?>
<!-- Generated by org.testng.reporters.JUnitReportReporter -->
<testsuite hostname="Om-Satapthy01" failures="0" tests="5" name="com.sonicjobs.apitest.StagingUK_Login" time="4.789" errors="0" timestamp="2024-02-19T16:32:43 IST" skipped="0">
  <testcase classname="com.sonicjobs.apitest.StagingUK_Login" name="newSearch" time="0.984"/>
  <testcase classname="com.sonicjobs.apitest.StagingUK_Login" name="oldSearch" time="1.039"/>
  <testcase classname="com.sonicjobs.apitest.StagingUK_Login" name="forceUpdate_staginguk" time="0.940"/>
  <testcase classname="com.sonicjobs.apitest.StagingUK_Login" name="login_existinguser_staginguk" time="1.060"/>
  <testcase classname="com.sonicjobs.apitest.StagingUK_Login" name="login_existinguser2_uk" time="0.766"/>
</testsuite> <!-- com.sonicjobs.apitest.StagingUK_Login -->
