<?xml version="1.0" encoding="UTF-8"?>
<!-- Generated by org.testng.reporters.JUnitReportReporter -->
<testsuite hostname="Om-Satapthy01" failures="0" tests="3" name="com.sonicjobs.apitest.ProdUS_Login" time="4.827" errors="0" timestamp="2024-02-19T17:20:23 IST" skipped="0">
  <testcase classname="com.sonicjobs.apitest.ProdUS_Login" name="forceUpdate_produs" time="1.689"/>
  <testcase classname="com.sonicjobs.apitest.ProdUS_Login" name="login_existinguser_us" time="1.567"/>
  <testcase classname="com.sonicjobs.apitest.ProdUS_Login" name="login_existinguser2_us" time="1.571"/>
</testsuite> <!-- com.sonicjobs.apitest.ProdUS_Login -->
