<?xml version="1.0" encoding="UTF-8"?>
<!-- Generated by org.testng.reporters.JUnitReportReporter -->
<testsuite hostname="Om-Satapthy01" failures="0" tests="5" name="com.sonicjobs.apitest.ProdUK" time="7.860" errors="0" timestamp="2024-02-19T15:24:10 IST" skipped="0">
  <testcase classname="com.sonicjobs.apitest.ProdUK" name="oldSearch" time="1.631"/>
  <testcase classname="com.sonicjobs.apitest.ProdUK" name="newSearch" time="1.840"/>
  <testcase classname="com.sonicjobs.apitest.ProdUK" name="forceUpdate_produk" time="1.670"/>
  <testcase classname="com.sonicjobs.apitest.ProdUK" name="login_existinguser_uk" time="1.369"/>
  <testcase classname="com.sonicjobs.apitest.ProdUK" name="login_existinguser2_uk" time="1.350"/>
</testsuite> <!-- com.sonicjobs.apitest.ProdUK -->
