<?xml version="1.0" encoding="UTF-8"?>
<!-- Generated by org.testng.reporters.JUnitReportReporter -->
<testsuite hostname="Om-Satapthy01" failures="0" tests="3" name="com.usertest.UKUSer" time="9.754" errors="0" timestamp="2023-12-04T15:43:57 IST" skipped="0">
  <testcase classname="com.usertest.UKUSer" name="login_existinguser_uk" time="1.015"/>
  <testcase classname="com.usertest.UKUSer" name="forceUpdate" time="1.614"/>
  <testcase classname="com.usertest.UKUSer" name="newSearch" time="7.125"/>
</testsuite> <!-- com.usertest.UKUSer -->
