<?xml version="1.0" encoding="UTF-8"?>
<!-- Generated by org.testng.reporters.JUnitReportReporter -->
<testsuite hostname="Om-Satapthy01" failures="0" tests="5" name="com.sonicjobs.apitest.StagingUS_Login" time="6.560" errors="0" timestamp="2024-02-19T15:43:12 IST" skipped="0">
  <testcase classname="com.sonicjobs.apitest.StagingUS_Login" name="newSearch" time="1.187"/>
  <testcase classname="com.sonicjobs.apitest.StagingUS_Login" name="newSerach2" time="1.223"/>
  <testcase classname="com.sonicjobs.apitest.StagingUS_Login" name="forceUpdate_us" time="0.758"/>
  <testcase classname="com.sonicjobs.apitest.StagingUS_Login" name="login_existinguser_us" time="2.582"/>
  <testcase classname="com.sonicjobs.apitest.StagingUS_Login" name="login_existinguser2_us" time="0.810"/>
</testsuite> <!-- com.sonicjobs.apitest.StagingUS_Login -->
