<?xml version="1.0" encoding="UTF-8"?>
<!-- Generated by org.testng.reporters.JUnitReportReporter -->
<testsuite hostname="Om-Satapthy01" failures="0" tests="5" name="com.sonicjobs.apitest.ProdUK_Login" time="9.671" errors="0" timestamp="2024-02-19T15:43:12 IST" skipped="0">
  <testcase classname="com.sonicjobs.apitest.ProdUK_Login" name="oldSearch" time="2.120"/>
  <testcase classname="com.sonicjobs.apitest.ProdUK_Login" name="newSearch" time="2.043"/>
  <testcase classname="com.sonicjobs.apitest.ProdUK_Login" name="forceUpdate_produk" time="2.757"/>
  <testcase classname="com.sonicjobs.apitest.ProdUK_Login" name="login_existinguser_uk" time="1.308"/>
  <testcase classname="com.sonicjobs.apitest.ProdUK_Login" name="login_existinguser2_uk" time="1.443"/>
</testsuite> <!-- com.sonicjobs.apitest.ProdUK_Login -->
