<?xml version="1.0" encoding="UTF-8"?>
<!-- Generated by org.testng.reporters.JUnitReportReporter -->
<testsuite hostname="Om-Satapthy01" failures="0" tests="2" name="com.sonicjobs.apitest.ProdUsSearch" time="5.263" errors="0" timestamp="2024-02-21T15:15:45 IST" skipped="0">
  <testcase classname="com.sonicjobs.apitest.ProdUsSearch" name="newSearch" time="1.207"/>
  <testcase classname="com.sonicjobs.apitest.ProdUsSearch" name="newSerach2" time="4.056"/>
</testsuite> <!-- com.sonicjobs.apitest.ProdUsSearch -->
