<?xml version="1.0" encoding="UTF-8"?>
<!-- Generated by org.testng.reporters.JUnitReportReporter -->
<testsuite hostname="Om-Satapthy01" failures="0" tests="3" name="com.sonicjobs.apitest.ProdUK_Login" time="4.653" errors="0" timestamp="2024-02-19T16:34:27 IST" skipped="0">
  <testcase classname="com.sonicjobs.apitest.ProdUK_Login" name="forceUpdate_produk" time="1.711"/>
  <testcase classname="com.sonicjobs.apitest.ProdUK_Login" name="login_existinguser_uk" time="1.371"/>
  <testcase classname="com.sonicjobs.apitest.ProdUK_Login" name="login_existinguser2_uk" time="1.571"/>
</testsuite> <!-- com.sonicjobs.apitest.ProdUK_Login -->
