<?xml version="1.0" encoding="UTF-8"?>
<!-- Generated by org.testng.reporters.JUnitReportReporter -->
<testsuite hostname="Om-Satapthy01" failures="0" tests="5" name="com.sonicjobs.apitest.ProdUS" time="8.662" errors="0" timestamp="2024-02-19T15:24:10 IST" skipped="0">
  <testcase classname="com.sonicjobs.apitest.ProdUS" name="newSearch" time="1.922"/>
  <testcase classname="com.sonicjobs.apitest.ProdUS" name="newSerach2" time="2.635"/>
  <testcase classname="com.sonicjobs.apitest.ProdUS" name="forceUpdate_produs" time="0.896"/>
  <testcase classname="com.sonicjobs.apitest.ProdUS" name="login_existinguser_us" time="1.579"/>
  <testcase classname="com.sonicjobs.apitest.ProdUS" name="login_existinguser2_us" time="1.630"/>
</testsuite> <!-- com.sonicjobs.apitest.ProdUS -->
