<?xml version="1.0" encoding="UTF-8"?>
<!-- Generated by org.testng.reporters.JUnitReportReporter -->
<testsuite hostname="Om-Satapthy01" failures="0" tests="2" name="com.sonicjobs.apitest.ProdUS_Search" time="4.693" errors="0" timestamp="2024-02-19T17:28:49 IST" skipped="0">
  <testcase classname="com.sonicjobs.apitest.ProdUS_Search" name="newSearch" time="1.720"/>
  <testcase classname="com.sonicjobs.apitest.ProdUS_Search" name="newSerach2" time="2.973"/>
</testsuite> <!-- com.sonicjobs.apitest.ProdUS_Search -->
