<?xml version="1.0" encoding="UTF-8"?>
<!-- Generated by org.testng.reporters.JUnitReportReporter -->
<testsuite hostname="Om-Satapthy01" failures="0" tests="2" name="com.sonicjobs.apitest.ProdUsSearch" time="6.515" errors="0" timestamp="2024-02-23T14:59:43 IST" skipped="0">
  <testcase classname="com.sonicjobs.apitest.ProdUsSearch" name="newSerach2" time="2.985"/>
  <testcase classname="com.sonicjobs.apitest.ProdUsSearch" name="newSearch" time="3.530"/>
</testsuite> <!-- com.sonicjobs.apitest.ProdUsSearch -->
