<?xml version="1.0" encoding="UTF-8"?>
<!-- Generated by org.testng.reporters.JUnitReportReporter -->
<testsuite hostname="Om-Satapthy01" failures="0" tests="2" name="com.sonicjobs.apitest.ProdUkSearch" time="5.795" errors="0" timestamp="2024-02-21T15:15:45 IST" skipped="0">
  <testcase classname="com.sonicjobs.apitest.ProdUkSearch" name="oldSearch" time="2.885"/>
  <testcase classname="com.sonicjobs.apitest.ProdUkSearch" name="newSearch" time="2.910"/>
</testsuite> <!-- com.sonicjobs.apitest.ProdUkSearch -->
