<?xml version="1.0" encoding="UTF-8"?>
<!-- Generated by org.testng.reporters.JUnitReportReporter -->
<testsuite hostname="Om-Satapthy01" failures="0" tests="5" name="com.sonicjobs.apitest.StagingUK_Login" time="4.131" errors="0" timestamp="2024-02-19T15:43:12 IST" skipped="0">
  <testcase classname="com.sonicjobs.apitest.StagingUK_Login" name="oldSearch" time="0.853"/>
  <testcase classname="com.sonicjobs.apitest.StagingUK_Login" name="newSearch" time="0.967"/>
  <testcase classname="com.sonicjobs.apitest.StagingUK_Login" name="forceUpdate_staginguk" time="0.737"/>
  <testcase classname="com.sonicjobs.apitest.StagingUK_Login" name="login_existinguser_staginguk" time="0.831"/>
  <testcase classname="com.sonicjobs.apitest.StagingUK_Login" name="login_existinguser2_uk" time="0.743"/>
</testsuite> <!-- com.sonicjobs.apitest.StagingUK_Login -->
