<?xml version="1.0" encoding="UTF-8"?>
<!-- Generated by org.testng.reporters.JUnitReportReporter -->
<testsuite hostname="Om-Satapthy01" failures="0" tests="2" name="com.sonicjobs.apitest.ProdUK_search" time="6.284" errors="0" timestamp="2024-02-21T12:35:55 IST" skipped="0">
  <testcase classname="com.sonicjobs.apitest.ProdUK_search" name="oldSearch" time="3.247"/>
  <testcase classname="com.sonicjobs.apitest.ProdUK_search" name="newSearch" time="3.037"/>
</testsuite> <!-- com.sonicjobs.apitest.ProdUK_search -->
